{"target": 0.7507593541218428, "params": {"forward_bias": 0.57, "persistence_time": 17.2, "sigma": 1.4}, "datetime": {"datetime": "2021-07-21 00:05:53", "elapsed": 0.0, "delta": 0.0}}
{"target": 0.14344832286859008, "params": {"forward_bias": 0.7085110023512871, "persistence_time": 46.0162246721079, "sigma": 0.0006862489040693198}, "datetime": {"datetime": "2021-07-21 00:17:22", "elapsed": 689.11315, "delta": 689.11315}}
{"target": 0.5192122909610791, "params": {"forward_bias": 0.6511662863159199, "persistence_time": 17.337794540855654, "sigma": 0.5540315686127868}, "datetime": {"datetime": "2021-07-21 00:28:56", "elapsed": 1382.928763, "delta": 693.815613}}
{"target": 0.9687553488568578, "params": {"forward_bias": 0.5931301056888354, "persistence_time": 27.278036352152387, "sigma": 2.3806048453840196}, "datetime": {"datetime": "2021-07-21 00:40:39", "elapsed": 2086.721387, "delta": 703.792624}}
{"target": 0.9626022090527507, "params": {"forward_bias": 0.577355884917041, "persistence_time": 26.08605678037103, "sigma": 2.692646363769096}, "datetime": {"datetime": "2021-07-21 00:52:29", "elapsed": 2796.417458, "delta": 709.696071}}
{"target": 0.9124626857465631, "params": {"forward_bias": 0.5, "persistence_time": 16.1212473574108, "sigma": 3.8783126273417388}, "datetime": {"datetime": "2021-07-21 01:04:16", "elapsed": 3503.523165, "delta": 707.105707}}
{"target": 0.9188967371401259, "params": {"forward_bias": 0.5, "persistence_time": 19.45124546707092, "sigma": 3.7285418491459668}, "datetime": {"datetime": "2021-07-21 01:15:58", "elapsed": 4205.564433, "delta": 702.041268}}
{"target": 0.9295099697338909, "params": {"forward_bias": 0.5, "persistence_time": 30.821818017594865, "sigma": 3.593748148769772}, "datetime": {"datetime": "2021-07-21 01:27:49", "elapsed": 4916.190328, "delta": 710.625895}}
{"target": 0.9043273003326425, "params": {"forward_bias": 0.6849217727217132, "persistence_time": 33.72496191844093, "sigma": 1.2887758723368423}, "datetime": {"datetime": "2021-07-21 01:39:24", "elapsed": 5611.798323, "delta": 695.607995}}
{"target": 0.9290661789775955, "params": {"forward_bias": 0.5768437943708967, "persistence_time": 22.77098903439746, "sigma": 3.34332377594004}, "datetime": {"datetime": "2021-07-21 01:51:10", "elapsed": 6317.762697, "delta": 705.964374}}
{"target": 0.9231351184382174, "params": {"forward_bias": 0.6674813559854664, "persistence_time": 30.114822109761956, "sigma": 1.496223377215806}, "datetime": {"datetime": "2021-07-21 02:02:42", "elapsed": 7009.698348, "delta": 691.935651}}
{"target": 0.909568772361837, "params": {"forward_bias": 0.6600462309558033, "persistence_time": 23.969358128920984, "sigma": 1.5846615240326274}, "datetime": {"datetime": "2021-07-21 02:14:19", "elapsed": 7706.468214, "delta": 696.769866}}
{"target": 0.9537422964771002, "params": {"forward_bias": 0.5329055929485643, "persistence_time": 33.1364962829153, "sigma": 3.0969538346002725}, "datetime": {"datetime": "2021-07-21 02:26:10", "elapsed": 8417.007158, "delta": 710.538944}}
{"target": 0.7377991882560985, "params": {"forward_bias": 0.6473321671550794, "persistence_time": 28.75177701953959, "sigma": 3.0253189356786474}, "datetime": {"datetime": "2021-07-21 02:37:53", "elapsed": 9120.79015, "delta": 703.782992}}
{"target": 0.8764603193135017, "params": {"forward_bias": 0.5443482503692157, "persistence_time": 31.87373094557138, "sigma": 1.8003621641188547}, "datetime": {"datetime": "2021-07-21 02:49:31", "elapsed": 9818.057535, "delta": 697.267385}}
{"target": 0.9482240774903762, "params": {"forward_bias": 0.637033775476493, "persistence_time": 26.254945162075455, "sigma": 1.8583864322453714}, "datetime": {"datetime": "2021-07-21 03:01:10", "elapsed": 10517.567421, "delta": 699.509886}}
{"target": 0.9708062861141801, "params": {"forward_bias": 0.5536168028799435, "persistence_time": 24.457070723374635, "sigma": 2.8506014172088032}, "datetime": {"datetime": "2021-07-21 03:12:52", "elapsed": 11219.349152, "delta": 701.781731}}
{"target": 0.884614471465965, "params": {"forward_bias": 0.5200304954923854, "persistence_time": 21.138757000297325, "sigma": 2.451104331157737}, "datetime": {"datetime": "2021-07-21 03:24:31", "elapsed": 11918.693062, "delta": 699.34391}}
{"target": 0.9501622753424805, "params": {"forward_bias": 0.5233891262311412, "persistence_time": 26.854244124157432, "sigma": 3.2101487946547627}, "datetime": {"datetime": "2021-07-21 03:36:16", "elapsed": 12623.167854, "delta": 704.474792}}
{"target": 0.9552415162670099, "params": {"forward_bias": 0.5264118938960215, "persistence_time": 25.2549145341138, "sigma": 3.1741940569101668}, "datetime": {"datetime": "2021-07-21 03:47:57", "elapsed": 13323.970286, "delta": 700.802432}}
{"target": 0.9222335558076212, "params": {"forward_bias": 0.5291323847944137, "persistence_time": 23.166312132302796, "sigma": 2.559368041477576}, "datetime": {"datetime": "2021-07-21 03:59:33", "elapsed": 14019.941363, "delta": 695.971077}}
{"target": 0.9479611989431432, "params": {"forward_bias": 0.5756527791569204, "persistence_time": 23.8793519099936, "sigma": 3.1127114553669077}, "datetime": {"datetime": "2021-07-21 04:11:15", "elapsed": 14721.960699, "delta": 702.019336}}
{"target": 0.9372022712903747, "params": {"forward_bias": 0.5337844242306643, "persistence_time": 25.120076830680407, "sigma": 2.6147023828665095}, "datetime": {"datetime": "2021-07-21 04:22:46", "elapsed": 15412.902381, "delta": 690.941682}}
{"target": 0.9573623212101787, "params": {"forward_bias": 0.5714659436642948, "persistence_time": 26.220558686680562, "sigma": 3.062910548116868}, "datetime": {"datetime": "2021-07-21 04:34:37", "elapsed": 16124.833967, "delta": 711.931586}}
{"target": 0.9566491098453818, "params": {"forward_bias": 0.5696810295858596, "persistence_time": 24.631634588544244, "sigma": 3.0416796350260613}, "datetime": {"datetime": "2021-07-21 04:46:29", "elapsed": 16836.742093, "delta": 711.908126}}
{"target": 0.9511198171021388, "params": {"forward_bias": 0.539158998844619, "persistence_time": 24.02636827815054, "sigma": 2.678631021173271}, "datetime": {"datetime": "2021-07-21 04:58:11", "elapsed": 17538.112186, "delta": 701.370093}}
{"target": 0.9644602009830637, "params": {"forward_bias": 0.5666288265117356, "persistence_time": 25.723253732779476, "sigma": 3.0053747736407823}, "datetime": {"datetime": "2021-07-21 05:09:56", "elapsed": 18243.424654, "delta": 705.312468}}
{"target": 0.9728322495931518, "params": {"forward_bias": 0.5653276241485564, "persistence_time": 24.50844803744502, "sigma": 2.711305396420022}, "datetime": {"datetime": "2021-07-21 05:21:44", "elapsed": 18951.363104, "delta": 707.93845}}
{"target": 0.972717564392321, "params": {"forward_bias": 0.5752818222268774, "persistence_time": 24.37571188138049, "sigma": 2.592903778749558}, "datetime": {"datetime": "2021-07-21 05:33:27", "elapsed": 19654.66151, "delta": 703.298406}}
