{"target": 0.719402597757341, "params": {"cell_cell_adhesion_strength": 9.5, "cell_cell_repulsion_strength": 52.6, "forward_bias": 0.56, "lateral_restriction": 0.36, "persistence_time": 17.2, "sigma": 1.4, "vertical_restriction": 0.76}, "datetime": {"datetime": "2021-07-23 00:06:11", "elapsed": 0.0, "delta": 0.0}}
{"target": 0.3289094023558266, "params": {"cell_cell_adhesion_strength": 4.753198042323167, "cell_cell_repulsion_strength": 74.82920440979423, "forward_bias": 0.5000571874086724, "lateral_restriction": 0.15116628631591988, "persistence_time": 17.337794540855654, "sigma": 0.5540315686127868, "vertical_restriction": 0.5745040845510684}, "datetime": {"datetime": "2021-07-23 00:17:55", "elapsed": 704.007609, "delta": 704.007609}}
{"target": 0.8121801403082274, "params": {"cell_cell_adhesion_strength": 4.11004654338743, "cell_cell_repulsion_strength": 45.70907268076029, "forward_bias": 0.7694083670016785, "lateral_restriction": 0.2095972572016474, "persistence_time": 44.26097501983797, "sigma": 1.2267134983891046, "vertical_restriction": 0.8512469745563782}, "datetime": {"datetime": "2021-07-23 00:29:43", "elapsed": 1411.53182, "delta": 707.524211}}
{"target": 0.7541196504906029, "params": {"cell_cell_adhesion_strength": 1.2464883387813355, "cell_cell_repulsion_strength": 70.3420759160562, "forward_bias": 0.7086524011835635, "lateral_restriction": 0.27934491422287583, "persistence_time": 17.01934692976169, "sigma": 1.1886089345092727, "vertical_restriction": 0.8202978274702146}, "datetime": {"datetime": "2021-07-23 00:41:34", "elapsed": 2122.85558, "delta": 711.32376}}
{"target": 0.719274993199884, "params": {"cell_cell_adhesion_strength": 3.644447679269886, "cell_cell_repulsion_strength": 45.80676779467612, "forward_bias": 0.8470952028957689, "lateral_restriction": 0.18119339173312535, "persistence_time": 44.72724320567908, "sigma": 1.2041426952399477, "vertical_restriction": 0.7440838094950156}, "datetime": {"datetime": "2021-07-23 00:53:25", "elapsed": 2833.1655, "delta": 710.30992}}
{"target": 0.8729266098124459, "params": {"cell_cell_adhesion_strength": 5.4651377690413305, "cell_cell_repulsion_strength": 45.424581224420194, "forward_bias": 0.6512621058652465, "lateral_restriction": 0.292252214533604, "persistence_time": 42.904132255930655, "sigma": 1.2923965269688136, "vertical_restriction": 0.9}, "datetime": {"datetime": "2021-07-23 01:05:16", "elapsed": 3544.637667, "delta": 711.472167}}
{"target": 0.856699685946488, "params": {"cell_cell_adhesion_strength": 5.389632871759179, "cell_cell_repulsion_strength": 48.20100288618385, "forward_bias": 0.5508377838992793, "lateral_restriction": 0.23517396328554685, "persistence_time": 42.651625737570825, "sigma": 1.797860442177897, "vertical_restriction": 0.9}, "datetime": {"datetime": "2021-07-23 01:17:01", "elapsed": 4249.513783, "delta": 704.876116}}
{"target": 0.23579411239784973, "params": {"cell_cell_adhesion_strength": 3.8721200523399313, "cell_cell_repulsion_strength": 46.67665118797864, "forward_bias": 0.5608802160958759, "lateral_restriction": 0.196211772591042, "persistence_time": 40.76961083030465, "sigma": 0.0521505769402455, "vertical_restriction": 0.9}, "datetime": {"datetime": "2021-07-23 01:28:34", "elapsed": 4942.921858, "delta": 693.408075}}
{"target": 0.9482981640165568, "params": {"cell_cell_adhesion_strength": 6.13811558631187, "cell_cell_repulsion_strength": 46.66493661935815, "forward_bias": 0.5843450508237058, "lateral_restriction": 0.29644147268716564, "persistence_time": 44.130836456714285, "sigma": 2.339569128026901, "vertical_restriction": 0.9}, "datetime": {"datetime": "2021-07-23 01:40:29", "elapsed": 5657.528962, "delta": 714.607104}}
{"target": 0.9356977241914476, "params": {"cell_cell_adhesion_strength": 6.13976010981128, "cell_cell_repulsion_strength": 43.987549886260965, "forward_bias": 0.5144815728625927, "lateral_restriction": 0.2708300147420227, "persistence_time": 44.22189144037268, "sigma": 3.291809717497137, "vertical_restriction": 0.9}, "datetime": {"datetime": "2021-07-23 01:52:16", "elapsed": 6364.187439, "delta": 706.658477}}
{"target": 0.7846604343038335, "params": {"cell_cell_adhesion_strength": 7.269141500010016, "cell_cell_repulsion_strength": 44.43253565158846, "forward_bias": 0.5214679206587041, "lateral_restriction": 0.36626643824638305, "persistence_time": 45.91915779682986, "sigma": 1.4825525975036888, "vertical_restriction": 0.9}, "datetime": {"datetime": "2021-07-23 02:04:03", "elapsed": 7071.725174, "delta": 707.537735}}
{"target": 0.9525697905853264, "params": {"cell_cell_adhesion_strength": 7.156038908640201, "cell_cell_repulsion_strength": 49.95309085266636, "forward_bias": 0.5277556336752042, "lateral_restriction": 0.35928394169046135, "persistence_time": 44.30575569194917, "sigma": 3.110884005497792, "vertical_restriction": 0.9}, "datetime": {"datetime": "2021-07-23 02:15:55", "elapsed": 7783.380941, "delta": 711.655767}}
{"target": 0.9380598093506073, "params": {"cell_cell_adhesion_strength": 8.021273732619282, "cell_cell_repulsion_strength": 47.6511860071706, "forward_bias": 0.5758566382514305, "lateral_restriction": 0.4127000403432627, "persistence_time": 42.248555787390316, "sigma": 3.766501651348049, "vertical_restriction": 0.9}, "datetime": {"datetime": "2021-07-23 02:27:54", "elapsed": 8502.410182, "delta": 719.029241}}
{"target": 0.9520290288640587, "params": {"cell_cell_adhesion_strength": 7.9347502502213745, "cell_cell_repulsion_strength": 51.696493264070554, "forward_bias": 0.5710465377938079, "lateral_restriction": 0.31120945290294016, "persistence_time": 41.29606360389403, "sigma": 3.7009398867630234, "vertical_restriction": 0.9}, "datetime": {"datetime": "2021-07-23 02:39:58", "elapsed": 9226.977502, "delta": 724.56732}}
{"target": 0.9464161964653321, "params": {"cell_cell_adhesion_strength": 6.455198701217145, "cell_cell_repulsion_strength": 54.10029117224295, "forward_bias": 0.5, "lateral_restriction": 0.4025509815992304, "persistence_time": 43.95893376032231, "sigma": 3.6419342986365004, "vertical_restriction": 0.9}, "datetime": {"datetime": "2021-07-23 02:51:55", "elapsed": 9943.624282, "delta": 716.64678}}
{"target": 0.886177449491233, "params": {"cell_cell_adhesion_strength": 7.786795095320952, "cell_cell_repulsion_strength": 55.86694291238959, "forward_bias": 0.5, "lateral_restriction": 0.39822427760835355, "persistence_time": 40.648826902547114, "sigma": 2.6329387416729544, "vertical_restriction": 0.9}, "datetime": {"datetime": "2021-07-23 03:03:45", "elapsed": 10653.156849, "delta": 709.532567}}
{"target": 0.9597292449246536, "params": {"cell_cell_adhesion_strength": 7.723719476652876, "cell_cell_repulsion_strength": 53.281303075793474, "forward_bias": 0.5593147027776663, "lateral_restriction": 0.3242376393643584, "persistence_time": 47.68775669651527, "sigma": 2.6807332680554383, "vertical_restriction": 0.9}, "datetime": {"datetime": "2021-07-23 03:15:42", "elapsed": 11370.241138, "delta": 717.084289}}
{"target": 0.9546896257553588, "params": {"cell_cell_adhesion_strength": 8.206247959463651, "cell_cell_repulsion_strength": 57.06347219844464, "forward_bias": 0.5861399115147591, "lateral_restriction": 0.2944482823871709, "persistence_time": 46.22738772438614, "sigma": 2.3151051412294374, "vertical_restriction": 0.9}, "datetime": {"datetime": "2021-07-23 03:27:34", "elapsed": 12082.089538, "delta": 711.8484}}
{"target": 0.9555036016844659, "params": {"cell_cell_adhesion_strength": 7.2894438421231795, "cell_cell_repulsion_strength": 56.66577880333992, "forward_bias": 0.5351720149142828, "lateral_restriction": 0.35104806064382715, "persistence_time": 50.34130114702946, "sigma": 3.009798582198839, "vertical_restriction": 0.8751110929610159}, "datetime": {"datetime": "2021-07-23 03:39:34", "elapsed": 12802.675398, "delta": 720.58586}}
{"target": 0.9592572869890686, "params": {"cell_cell_adhesion_strength": 8.114567547729603, "cell_cell_repulsion_strength": 50.0737637950617, "forward_bias": 0.5375862837006211, "lateral_restriction": 0.3483670185158803, "persistence_time": 50.163081136933585, "sigma": 2.9768920507844987, "vertical_restriction": 0.9}, "datetime": {"datetime": "2021-07-23 10:42:58", "elapsed": 38206.228336, "delta": 25403.552938}}
{"target": 0.9559376890321865, "params": {"cell_cell_adhesion_strength": 8.075482740621931, "cell_cell_repulsion_strength": 49.204832358664426, "forward_bias": 0.5788702799470069, "lateral_restriction": 0.3025211981279887, "persistence_time": 47.30662396561524, "sigma": 2.4141903635992836, "vertical_restriction": 0.9}, "datetime": {"datetime": "2021-07-23 10:54:43", "elapsed": 38911.92742, "delta": 705.699084}}
{"target": 0.939105091955239, "params": {"cell_cell_adhesion_strength": 7.407132539080727, "cell_cell_repulsion_strength": 53.54501885752031, "forward_bias": 0.5417146833252596, "lateral_restriction": 0.3046928422516257, "persistence_time": 49.692769493254104, "sigma": 2.4408446540448994, "vertical_restriction": 0.8818559867685806}, "datetime": {"datetime": "2021-07-23 11:06:32", "elapsed": 39620.043082, "delta": 708.115662}}
{"target": 0.9353115090514534, "params": {"cell_cell_adhesion_strength": 8.005396203262679, "cell_cell_repulsion_strength": 52.046531106071754, "forward_bias": 0.5445840268944317, "lateral_restriction": 0.31075546310955027, "persistence_time": 45.939793783287016, "sigma": 2.4706017490097016, "vertical_restriction": 0.8868290572702787}, "datetime": {"datetime": "2021-07-23 11:18:24", "elapsed": 40332.16698, "delta": 712.123898}}
{"target": 0.9680188761050211, "params": {"cell_cell_adhesion_strength": 7.467284057219436, "cell_cell_repulsion_strength": 55.94209412014521, "forward_bias": 0.5735707185341156, "lateral_restriction": 0.34006892502567193, "persistence_time": 47.949529890215125, "sigma": 2.875043045403975, "vertical_restriction": 0.9}, "datetime": {"datetime": "2021-07-23 11:30:19", "elapsed": 41047.618887, "delta": 715.451907}}
{"target": 0.9589219587029553, "params": {"cell_cell_adhesion_strength": 7.249313950701011, "cell_cell_repulsion_strength": 58.85032885758972, "forward_bias": 0.5856883319270975, "lateral_restriction": 0.3535255178377884, "persistence_time": 48.30585093198997, "sigma": 3.040206356150231, "vertical_restriction": 0.8867730143542952}, "datetime": {"datetime": "2021-07-23 11:42:11", "elapsed": 41759.293476, "delta": 711.674589}}
{"target": 0.963729954309052, "params": {"cell_cell_adhesion_strength": 7.2711109613528535, "cell_cell_repulsion_strength": 58.55950538384528, "forward_bias": 0.5626648664804318, "lateral_restriction": 0.35217985855657674, "persistence_time": 46.64582078799127, "sigma": 3.0236900250756054, "vertical_restriction": 0.8880957129188657}, "datetime": {"datetime": "2021-07-23 11:54:04", "elapsed": 42472.55479, "delta": 713.261314}}
{"target": 0.9605497649352519, "params": {"cell_cell_adhesion_strength": 7.290728270939511, "cell_cell_repulsion_strength": 54.78821391846788, "forward_bias": 0.5833859853824309, "lateral_restriction": 0.3509687652034863, "persistence_time": 46.77619169821365, "sigma": 3.0088253271084424, "vertical_restriction": 0.8892861416269792}, "datetime": {"datetime": "2021-07-23 12:05:56", "elapsed": 43184.926011, "delta": 712.371221}}
{"target": 0.9636488649832552, "params": {"cell_cell_adhesion_strength": 7.626184264871367, "cell_cell_repulsion_strength": 57.58022555000052, "forward_bias": 0.5647369783706317, "lateral_restriction": 0.330259068865639, "persistence_time": 49.00553426301645, "sigma": 2.7546389918699545, "vertical_restriction": 0.9}, "datetime": {"datetime": "2021-07-23 12:18:22", "elapsed": 43930.195824, "delta": 745.269813}}
{"target": 0.9627384767773005, "params": {"cell_cell_adhesion_strength": 7.324273870332697, "cell_cell_repulsion_strength": 57.033967055429315, "forward_bias": 0.5656203523869802, "lateral_restriction": 0.3488977955697016, "persistence_time": 46.99912595469393, "sigma": 2.9834066935845938, "vertical_restriction": 0.8913217747178531}, "datetime": {"datetime": "2021-07-23 12:35:51", "elapsed": 44979.163196, "delta": 1048.967372}}
