{"target": 0.8860292356794295, "params": {"forward_bias": 0.56, "persistence_time": 49.8, "sigma": 2.8}, "datetime": {"datetime": "2021-07-23 14:11:29", "elapsed": 0.0, "delta": 0.0}}
{"target": 0.11190104683553198, "params": {"forward_bias": 0.7085110023512871, "persistence_time": 46.0162246721079, "sigma": 0.0006862489040693198}, "datetime": {"datetime": "2021-07-23 14:23:06", "elapsed": 697.344562, "delta": 697.344562}}
{"target": 0.3394585357859626, "params": {"forward_bias": 0.6511662863159199, "persistence_time": 17.337794540855654, "sigma": 0.5540315686127868}, "datetime": {"datetime": "2021-07-23 14:34:56", "elapsed": 1406.946444, "delta": 709.601882}}
{"target": 0.8392379357667674, "params": {"forward_bias": 0.5931301056888354, "persistence_time": 27.278036352152387, "sigma": 2.3806048453840196}, "datetime": {"datetime": "2021-07-23 14:46:58", "elapsed": 2129.319535, "delta": 722.373091}}
{"target": 0.9281525699574456, "params": {"forward_bias": 0.5816975894254239, "persistence_time": 49.986973276048055, "sigma": 2.801883180837196}, "datetime": {"datetime": "2021-07-23 14:59:04", "elapsed": 2854.691671, "delta": 725.372136}}
{"target": 0.9126205751171287, "params": {"forward_bias": 0.6554611275069278, "persistence_time": 52.462468621438376, "sigma": 3.8298573503857405}, "datetime": {"datetime": "2021-07-23 15:11:09", "elapsed": 3580.413601, "delta": 725.72193}}
{"target": 0.5236502537935638, "params": {"forward_bias": 0.5, "persistence_time": 52.45381836445968, "sigma": 1.3729821239748696}, "datetime": {"datetime": "2021-07-23 15:23:03", "elapsed": 4293.630816, "delta": 713.217215}}
{"target": 0.8220169029176808, "params": {"forward_bias": 0.6833869500536943, "persistence_time": 50.69182175877898, "sigma": 4.0878941320132895}, "datetime": {"datetime": "2021-07-23 15:36:43", "elapsed": 5113.957213, "delta": 820.326397}}
{"target": 0.8694672840206946, "params": {"forward_bias": 0.6732180139908672, "persistence_time": 54.92536520630456, "sigma": 3.9592930368956805}, "datetime": {"datetime": "2021-07-23 15:49:07", "elapsed": 5857.836824, "delta": 743.879611}}
{"target": 0.9053183946852982, "params": {"forward_bias": 0.6640659715343229, "persistence_time": 57.65802673098404, "sigma": 3.843552051289832}, "datetime": {"datetime": "2021-07-23 16:01:30", "elapsed": 6601.077332, "delta": 743.240508}}
{"target": 0.6602320431666394, "params": {"forward_bias": 0.5075660455274148, "persistence_time": 56.8792720888537, "sigma": 1.8643811974298234}, "datetime": {"datetime": "2021-07-23 16:14:15", "elapsed": 7366.10382, "delta": 765.026488}}
{"target": 0.866769459963463, "params": {"forward_bias": 0.5149791999172157, "persistence_time": 43.189225172936865, "sigma": 3.645634965903831}, "datetime": {"datetime": "2021-07-23 16:30:13", "elapsed": 8323.727614, "delta": 957.623794}}
{"target": 0.893415847377093, "params": {"forward_bias": 0.5216510388680365, "persistence_time": 45.24201916093615, "sigma": 3.5612597873971676}, "datetime": {"datetime": "2021-07-23 16:44:24", "elapsed": 9175.111375, "delta": 851.383761}}
{"target": 0.961263344376548, "params": {"forward_bias": 0.6357394849270726, "persistence_time": 47.07250607942061, "sigma": 3.4853221267411705}, "datetime": {"datetime": "2021-07-23 16:56:58", "elapsed": 9928.976048, "delta": 753.864673}}
{"target": 0.8275775543816088, "params": {"forward_bias": 0.6816750961034739, "persistence_time": 48.24463589673148, "sigma": 4.066245230759549}, "datetime": {"datetime": "2021-07-23 17:14:28", "elapsed": 10979.157907, "delta": 1050.181859}}
{"target": 0.8751729557086164, "params": {"forward_bias": 0.6659320927714648, "persistence_time": 46.35435775503736, "sigma": 3.9940229981027384}, "datetime": {"datetime": "2021-07-23 17:36:18", "elapsed": 12288.954354, "delta": 1309.796447}}
{"target": 0.9526550314055479, "params": {"forward_bias": 0.5985316398741874, "persistence_time": 50.968472435363324, "sigma": 3.014774412486284}, "datetime": {"datetime": "2021-07-23 17:57:01", "elapsed": 13532.524307, "delta": 1243.569953}}
{"target": 0.96101601725706, "params": {"forward_bias": 0.6416164438891965, "persistence_time": 44.119312555314025, "sigma": 3.062153013450174}, "datetime": {"datetime": "2021-07-23 18:19:10", "elapsed": 14860.950286, "delta": 1328.425979}}
{"target": 0.8974584384182611, "params": {"forward_bias": 0.6658778394199095, "persistence_time": 44.247068959377295, "sigma": 3.8664657752876286}, "datetime": {"datetime": "2021-07-23 18:39:56", "elapsed": 16106.970121, "delta": 1246.019835}}
{"target": 0.9470547394776042, "params": {"forward_bias": 0.6628640039706257, "persistence_time": 46.295055340894166, "sigma": 3.142292843049358}, "datetime": {"datetime": "2021-07-23 18:58:49", "elapsed": 17240.33639, "delta": 1133.366269}}
{"target": 0.9517618263590162, "params": {"forward_bias": 0.6601515520662704, "persistence_time": 47.76756291712334, "sigma": 3.1765957714185395}, "datetime": {"datetime": "2021-07-23 19:15:50", "elapsed": 18261.432524, "delta": 1021.096134}}
{"target": 0.9496355508999373, "params": {"forward_bias": 0.6577103453523506, "persistence_time": 44.7719769059, "sigma": 3.2074684069508024}, "datetime": {"datetime": "2021-07-23 19:34:41", "elapsed": 19391.596579, "delta": 1130.164055}}
{"target": 0.9690444766066455, "params": {"forward_bias": 0.6159657105443223, "persistence_time": 47.05785766171656, "sigma": 3.2352537789298395}, "datetime": {"datetime": "2021-07-23 19:50:07", "elapsed": 20317.85565, "delta": 926.259071}}
{"target": 0.9637130774623315, "params": {"forward_bias": 0.63277341876966, "persistence_time": 45.46896023520598, "sigma": 3.022695683290208}, "datetime": {"datetime": "2021-07-23 20:08:04", "elapsed": 21394.892564, "delta": 1077.036914}}
{"target": 0.9635035286967509, "params": {"forward_bias": 0.6310926479471263, "persistence_time": 47.37853884790688, "sigma": 3.043951492854171}, "datetime": {"datetime": "2021-07-23 20:26:34", "elapsed": 22505.332812, "delta": 1110.440248}}
{"target": 0.9690291883971671, "params": {"forward_bias": 0.6023514668817986, "persistence_time": 47.49125670262879, "sigma": 3.407425836397941}, "datetime": {"datetime": "2021-07-23 20:38:55", "elapsed": 23246.283979, "delta": 740.951167}}
{"target": 0.9604306986681864, "params": {"forward_bias": 0.603712891248051, "persistence_time": 46.75296767444879, "sigma": 3.080298927208548}, "datetime": {"datetime": "2021-07-23 20:51:17", "elapsed": 23988.081654, "delta": 741.797675}}
{"target": 0.9685365233658624, "params": {"forward_bias": 0.6259386326611268, "persistence_time": 47.33352573890474, "sigma": 3.28829282966225}, "datetime": {"datetime": "2021-07-23 21:03:45", "elapsed": 24736.181648, "delta": 748.099994}}
{"target": 0.9696561839016627, "params": {"forward_bias": 0.6060409269143425, "persistence_time": 46.69462442033614, "sigma": 3.3607672088240856}, "datetime": {"datetime": "2021-07-23 21:23:51", "elapsed": 25941.63075, "delta": 1205.449102}}
