{"target": 0.8741782375095472, "params": {"forward_bias": 0.57, "lateral_restriction": 0.36, "persistence_time": 17.2, "sigma": 1.4}, "datetime": {"datetime": "2021-07-19 21:23:49", "elapsed": 0.0, "delta": 0.0}}
{"target": 0.5528830952066337, "params": {"forward_bias": 0.7085110023512871, "lateral_restriction": 0.4608454290819021, "persistence_time": 10.005718740867245, "sigma": 1.8139954357910386}, "datetime": {"datetime": "2021-07-19 21:46:22", "elapsed": 1353.263235, "delta": 1353.263235}}
{"target": 0.9675097922462461, "params": {"forward_bias": 0.5733779454085566, "lateral_restriction": 0.3729274032676317, "persistence_time": 19.313010568883545, "sigma": 2.0733643622582862}, "datetime": {"datetime": "2021-07-19 22:11:19", "elapsed": 2849.575659, "delta": 1496.312424}}
{"target": 0.27169938066779237, "params": {"forward_bias": 0.698383737115335, "lateral_restriction": 0.43543434276047, "persistence_time": 30.95972572016474, "sigma": 4.111317002380557}, "datetime": {"datetime": "2021-07-19 22:28:57", "elapsed": 3908.214238, "delta": 1058.638579}}
{"target": 0.39913629027620573, "params": {"forward_bias": 0.5, "lateral_restriction": 0.36, "persistence_time": 23.06998029775651, "sigma": 0.39051575855990905}, "datetime": {"datetime": "2021-07-19 22:44:07", "elapsed": 4817.458782, "delta": 909.244544}}
{"target": 0.23052558537094073, "params": {"forward_bias": 0.70019648861951, "lateral_restriction": 0.40730836343529264, "persistence_time": 17.94778340945725, "sigma": 3.5879281055868257}, "datetime": {"datetime": "2021-07-19 23:02:09", "elapsed": 5899.927322, "delta": 1082.46854}}
{"target": 0.9436319467910644, "params": {"forward_bias": 0.543476266408894, "lateral_restriction": 0.38459404945302267, "persistence_time": 19.327499551810988, "sigma": 2.0299160424627374}, "datetime": {"datetime": "2021-07-19 23:22:22", "elapsed": 7113.266677, "delta": 1213.339355}}
{"target": 0.7308263696948171, "params": {"forward_bias": 0.6761009654094289, "lateral_restriction": 0.36, "persistence_time": 18.482352453074796, "sigma": 1.8906207880347812}, "datetime": {"datetime": "2021-07-19 23:40:25", "elapsed": 8195.785779, "delta": 1082.519102}}
{"target": 0.5848677542206816, "params": {"forward_bias": 0.6658286634093417, "lateral_restriction": 0.36, "persistence_time": 19.825080412463887, "sigma": 2.673832076426573}, "datetime": {"datetime": "2021-07-19 23:52:39", "elapsed": 8929.862205, "delta": 734.076426}}
{"target": 0.932594567015612, "params": {"forward_bias": 0.5092784139102303, "lateral_restriction": 0.38661175936601694, "persistence_time": 18.96292087929223, "sigma": 2.415458879475571}, "datetime": {"datetime": "2021-07-20 00:04:34", "elapsed": 9644.907891, "delta": 715.045686}}
{"target": 0.6651630921234815, "params": {"forward_bias": 0.5, "lateral_restriction": 0.36, "persistence_time": 16.31983220681352, "sigma": 1.1790296174602168}, "datetime": {"datetime": "2021-07-20 00:16:30", "elapsed": 10360.724621, "delta": 715.81673}}
{"target": 0.8778089605596119, "params": {"forward_bias": 0.5059813719859843, "lateral_restriction": 0.36, "persistence_time": 16.88794666683685, "sigma": 2.1648754552063463}, "datetime": {"datetime": "2021-07-20 00:28:31", "elapsed": 11081.96969, "delta": 721.245069}}
{"target": 0.7436487947090468, "params": {"forward_bias": 0.6340348614888717, "lateral_restriction": 0.36, "persistence_time": 15.997980894715633, "sigma": 2.597684583800552}, "datetime": {"datetime": "2021-07-20 00:40:46", "elapsed": 11816.599799, "delta": 734.630109}}
{"target": 0.9516151367302216, "params": {"forward_bias": 0.518786720936273, "lateral_restriction": 0.38772727926812584, "persistence_time": 14.445269435089745, "sigma": 2.725334391216079}, "datetime": {"datetime": "2021-07-20 00:52:49", "elapsed": 12540.13557, "delta": 723.535771}}
{"target": 0.8847627643624426, "params": {"forward_bias": 0.6225100474336118, "lateral_restriction": 0.37858008531876947, "persistence_time": 14.425112580546891, "sigma": 1.956872386601286}, "datetime": {"datetime": "2021-07-20 01:04:56", "elapsed": 13266.913008, "delta": 726.777438}}
{"target": 0.9426714842356526, "params": {"forward_bias": 0.5291590535860069, "lateral_restriction": 0.36093950370723143, "persistence_time": 15.0573682270802, "sigma": 2.3917980876541334}, "datetime": {"datetime": "2021-07-20 01:16:58", "elapsed": 13989.160522, "delta": 722.247514}}
{"target": 0.8586299720262102, "params": {"forward_bias": 0.6131749480488513, "lateral_restriction": 0.38371651287199193, "persistence_time": 23.272207939436235, "sigma": 2.5486505133685173}, "datetime": {"datetime": "2021-07-20 01:29:10", "elapsed": 14721.338513, "delta": 732.177991}}
{"target": 0.8721221927647834, "params": {"forward_bias": 0.6091952477848218, "lateral_restriction": 0.3632172046237075, "persistence_time": 22.195636488258984, "sigma": 2.501121898257494}, "datetime": {"datetime": "2021-07-20 01:41:23", "elapsed": 15453.66782, "delta": 732.329307}}
{"target": 0.9434010853210898, "params": {"forward_bias": 0.6056135175471953, "lateral_restriction": 0.38166658204716347, "persistence_time": 21.494250245985988, "sigma": 1.688382579858999}, "datetime": {"datetime": "2021-07-20 01:53:29", "elapsed": 16179.428856, "delta": 725.761036}}
{"target": 0.9770447878496888, "params": {"forward_bias": 0.5443659304837817, "lateral_restriction": 0.36506214236605306, "persistence_time": 21.28664241648475, "sigma": 2.4198479664176444}, "datetime": {"datetime": "2021-07-20 11:31:12", "elapsed": 50842.664662, "delta": 34663.235806}}
{"target": 0.9271669535231407, "params": {"forward_bias": 0.519705717797723, "lateral_restriction": 0.36, "persistence_time": 20.768503622975743, "sigma": 2.12533690288219}, "datetime": {"datetime": "2021-07-20 11:44:35", "elapsed": 51646.324478, "delta": 803.659816}}
{"target": 0.9342147550462262, "params": {"forward_bias": 0.522171739066329, "lateral_restriction": 0.36, "persistence_time": 22.753541403135372, "sigma": 2.154788009235735}, "datetime": {"datetime": "2021-07-20 11:58:00", "elapsed": 52451.24951, "delta": 804.925032}}
{"target": 0.9425406325619804, "params": {"forward_bias": 0.5243911582080741, "lateral_restriction": 0.36, "persistence_time": 21.756955829435928, "sigma": 2.181294004953926}, "datetime": {"datetime": "2021-07-20 12:09:54", "elapsed": 53165.25779, "delta": 714.00828}}
{"target": 0.9723940539266739, "params": {"forward_bias": 0.526388635435645, "lateral_restriction": 0.36018843344838986, "persistence_time": 20.873060235299572, "sigma": 2.634546531734991}, "datetime": {"datetime": "2021-07-20 12:21:54", "elapsed": 53884.857713, "delta": 719.599923}}
{"target": 0.9727292567705578, "params": {"forward_bias": 0.5281863649404586, "lateral_restriction": 0.36067580434015617, "persistence_time": 22.75146459621363, "sigma": 2.6130766752032564}, "datetime": {"datetime": "2021-07-20 13:11:32", "elapsed": 56863.09412, "delta": 2978.236407}}
{"target": 0.9719266947051947, "params": {"forward_bias": 0.529804321494791, "lateral_restriction": 0.36900984658936026, "persistence_time": 21.615475355116587, "sigma": 2.5937538043246953}, "datetime": {"datetime": "2021-07-20 13:23:29", "elapsed": 57579.532024, "delta": 716.437904}}
{"target": 0.9725279064615874, "params": {"forward_bias": 0.5574713785738734, "lateral_restriction": 0.36150920856507657, "persistence_time": 21.170499614086467, "sigma": 2.57636322053399}, "datetime": {"datetime": "2021-07-20 13:35:29", "elapsed": 58299.456171, "delta": 719.924147}}
{"target": 0.959674917759453, "params": {"forward_bias": 0.5325710272026991, "lateral_restriction": 0.3682597827869319, "persistence_time": 21.045363523467806, "sigma": 2.2789842377129332}, "datetime": {"datetime": "2021-07-20 13:47:26", "elapsed": 59016.656614, "delta": 717.200443}}
{"target": 0.979923147268743, "params": {"forward_bias": 0.554981343436756, "lateral_restriction": 0.367940018744844, "persistence_time": 20.629640077570176, "sigma": 2.4371882372797713}, "datetime": {"datetime": "2021-07-20 13:59:25", "elapsed": 59735.644573, "delta": 718.987959}}
