{"target": 0.4939753295529552, "params": {"cell_cell_adhesion_strength": 4.753198042323167, "cell_cell_repulsion_strength": 74.82920440979423, "forward_bias": 0.5000571874086724, "lateral_restriction": 0.15116628631591988, "persistence_time": 17.337794540855654, "sigma": 0.5540315686127868, "vertical_restriction": 0.5745040845510684}, "datetime": {"datetime": "2021-07-15 16:53:51", "elapsed": 0.0, "delta": 0.0}}
{"target": 0.5523989312537502, "params": {"cell_cell_adhesion_strength": 4.11004654338743, "cell_cell_repulsion_strength": 45.70907268076029, "forward_bias": 0.7694083670016785, "lateral_restriction": 0.2095972572016474, "persistence_time": 44.26097501983797, "sigma": 1.2267134983891046, "vertical_restriction": 0.8512469745563782}, "datetime": {"datetime": "2021-07-15 17:07:26", "elapsed": 815.349244, "delta": 815.349244}}
{"target": 0.673437668337843, "params": {"cell_cell_adhesion_strength": 1.2464883387813355, "cell_cell_repulsion_strength": 70.3420759160562, "forward_bias": 0.7086524011835635, "lateral_restriction": 0.27934491422287583, "persistence_time": 17.01934692976169, "sigma": 1.1886089345092727, "vertical_restriction": 0.8202978274702146}, "datetime": {"datetime": "2021-07-15 17:21:28", "elapsed": 1657.021599, "delta": 841.672355}}
{"target": 0.5760308976718173, "params": {"cell_cell_adhesion_strength": 1.3850725312209689, "cell_cell_repulsion_strength": 70.09489092330396, "forward_bias": 0.6843520419548513, "lateral_restriction": 0.3706147336151709, "persistence_time": 17.312243610247265, "sigma": 1.5275640239335635, "vertical_restriction": 0.847770076326195}, "datetime": {"datetime": "2021-07-15 17:33:48", "elapsed": 2397.249254, "delta": 740.227655}}
{"target": 0.7012434330381939, "params": {"cell_cell_adhesion_strength": 3.2109032208348722, "cell_cell_repulsion_strength": 55.91347960908198, "forward_bias": 0.7120126277578895, "lateral_restriction": 0.3540334808893438, "persistence_time": 17.69860575016988, "sigma": 0.3722926394648387, "vertical_restriction": 0.7845088390978803}, "datetime": {"datetime": "2021-07-15 17:45:43", "elapsed": 3112.22667, "delta": 714.977416}}
{"target": 0.7348877096326154, "params": {"cell_cell_adhesion_strength": 5.333810685906181, "cell_cell_repulsion_strength": 42.11627471791249, "forward_bias": 0.6505564623322692, "lateral_restriction": 0.3811517464644584, "persistence_time": 17.95151049509684, "sigma": 1.5333043134062947, "vertical_restriction": 0.7743363082741401}, "datetime": {"datetime": "2021-07-15 17:57:46", "elapsed": 3835.533411, "delta": 723.306741}}
{"target": 0.571476098753536, "params": {"cell_cell_adhesion_strength": 4.551413221008991, "cell_cell_repulsion_strength": 48.63991771614859, "forward_bias": 0.6482732044420159, "lateral_restriction": 0.27755774956664897, "persistence_time": 18.475732585329652, "sigma": 2.1471867465097816, "vertical_restriction": 0.8189196741315681}, "datetime": {"datetime": "2021-07-15 18:09:52", "elapsed": 4561.423265, "delta": 725.889854}}
{"target": 0.44271684311109527, "params": {"cell_cell_adhesion_strength": 5.100723039199854, "cell_cell_repulsion_strength": 42.36388354776202, "forward_bias": 0.6591327949875178, "lateral_restriction": 0.4480312844195514, "persistence_time": 16.66604126296867, "sigma": 2.161539682411253, "vertical_restriction": 0.7414246702783177}, "datetime": {"datetime": "2021-07-15 18:23:12", "elapsed": 5361.521693, "delta": 800.098428}}
{"target": 0.7500830989251615, "params": {"cell_cell_adhesion_strength": 6.109608038805583, "cell_cell_repulsion_strength": 45.88022376721899, "forward_bias": 0.6141301585977136, "lateral_restriction": 0.3079328301616039, "persistence_time": 18.31260413061907, "sigma": 2.12266765768142, "vertical_restriction": 0.7516175543918568}, "datetime": {"datetime": "2021-07-15 18:36:58", "elapsed": 6186.811337, "delta": 825.289644}}
{"target": 0.9018093814677233, "params": {"cell_cell_adhesion_strength": 7.447040610832966, "cell_cell_repulsion_strength": 53.311547655749806, "forward_bias": 0.5751011484901788, "lateral_restriction": 0.3679601436397969, "persistence_time": 17.294823951731022, "sigma": 2.1361442180579036, "vertical_restriction": 0.7479380681992358}, "datetime": {"datetime": "2021-07-15 18:51:19", "elapsed": 7048.086916, "delta": 861.275579}}
{"target": 0.9103463253759596, "params": {"cell_cell_adhesion_strength": 8.864540071332293, "cell_cell_repulsion_strength": 47.259842705840285, "forward_bias": 0.6084790050130785, "lateral_restriction": 0.35809513090805334, "persistence_time": 17.143777293172803, "sigma": 1.4653342481519942, "vertical_restriction": 0.7646590731646897}, "datetime": {"datetime": "2021-07-15 19:03:48", "elapsed": 7797.513793, "delta": 749.426877}}
{"target": 0.8991032278589497, "params": {"cell_cell_adhesion_strength": 8.439076357172075, "cell_cell_repulsion_strength": 47.04444095574908, "forward_bias": 0.6089173420776121, "lateral_restriction": 0.3498839317867938, "persistence_time": 17.323915690989388, "sigma": 1.5662238506734616, "vertical_restriction": 0.76227067172749}, "datetime": {"datetime": "2021-07-15 19:20:28", "elapsed": 8797.02076, "delta": 999.506967}}
{"target": 0.9045540525751702, "params": {"cell_cell_adhesion_strength": 9.334119750189183, "cell_cell_repulsion_strength": 46.43791302769641, "forward_bias": 0.610651031329153, "lateral_restriction": 0.36274782071177364, "persistence_time": 17.726667762322958, "sigma": 1.5115679951369507, "vertical_restriction": 0.7637781239341221}, "datetime": {"datetime": "2021-07-15 19:36:41", "elapsed": 9769.719842, "delta": 972.699082}}
{"target": 0.9156932722176947, "params": {"cell_cell_adhesion_strength": 8.883020699071787, "cell_cell_repulsion_strength": 45.97399336699623, "forward_bias": 0.585214274419831, "lateral_restriction": 0.31646569175456174, "persistence_time": 16.56567890038975, "sigma": 0.9978056281786528, "vertical_restriction": 0.7851921617863634}, "datetime": {"datetime": "2021-07-15 19:53:08", "elapsed": 10757.107311, "delta": 987.387469}}
{"target": 0.9679792439745714, "params": {"cell_cell_adhesion_strength": 8.42941595795341, "cell_cell_repulsion_strength": 51.84117442647194, "forward_bias": 0.5711175788593649, "lateral_restriction": 0.35185071503502957, "persistence_time": 17.04202330802363, "sigma": 1.395204955155993, "vertical_restriction": 0.7677390364579408}, "datetime": {"datetime": "2021-07-15 20:06:45", "elapsed": 11573.857739, "delta": 816.750428}}
{"target": 0.914882890948165, "params": {"cell_cell_adhesion_strength": 9.348479618416706, "cell_cell_repulsion_strength": 53.432033742171264, "forward_bias": 0.5522396047711496, "lateral_restriction": 0.32708119873870206, "persistence_time": 16.693945001952496, "sigma": 1.117025426271855, "vertical_restriction": 0.7799562241878366}, "datetime": {"datetime": "2021-07-15 20:19:29", "elapsed": 12338.402789, "delta": 764.54505}}
{"target": 0.917826110889688, "params": {"cell_cell_adhesion_strength": 9.256573252370377, "cell_cell_repulsion_strength": 49.99417957040925, "forward_bias": 0.5541274021799711, "lateral_restriction": 0.3295581503683348, "persistence_time": 16.728752832559607, "sigma": 1.1448433791602688, "vertical_restriction": 0.7567435675010346}, "datetime": {"datetime": "2021-07-15 20:31:32", "elapsed": 13060.823634, "delta": 722.420845}}
{"target": 0.9300111213280111, "params": {"cell_cell_adhesion_strength": 8.175634020270275, "cell_cell_repulsion_strength": 55.5658517098894, "forward_bias": 0.5558264198479105, "lateral_restriction": 0.3317874068350043, "persistence_time": 17.323966735941248, "sigma": 1.1698795367598411, "vertical_restriction": 0.7776349585191564}, "datetime": {"datetime": "2021-07-15 20:44:48", "elapsed": 13857.101598, "delta": 796.277964}}
{"target": 0.950215125071169, "params": {"cell_cell_adhesion_strength": 7.759418549475666, "cell_cell_repulsion_strength": 50.16624618579462, "forward_bias": 0.5848796219696738, "lateral_restriction": 0.36990769241505234, "persistence_time": 16.788274222897773, "sigma": 1.5979978317125298, "vertical_restriction": 0.7766453663130349}, "datetime": {"datetime": "2021-07-15 21:00:53", "elapsed": 14821.886407, "delta": 964.784809}}
{"target": 0.954267199215455, "params": {"cell_cell_adhesion_strength": 7.82641829032344, "cell_cell_repulsion_strength": 54.116661504977216, "forward_bias": 0.5835034176586429, "lateral_restriction": 0.33559943539300907, "persistence_time": 16.813649131410358, "sigma": 1.21269136625511, "vertical_restriction": 0.7757547333275255}, "datetime": {"datetime": "2021-07-15 21:13:15", "elapsed": 15563.946181, "delta": 742.059774}}
{"target": 0.9476170344582524, "params": {"cell_cell_adhesion_strength": 7.886718057086437, "cell_cell_repulsion_strength": 51.02384693391061, "forward_bias": 0.5599703239400147, "lateral_restriction": 0.3372245633572111, "persistence_time": 17.247560066975574, "sigma": 1.2309427251451983, "vertical_restriction": 0.7605249092753147}, "datetime": {"datetime": "2021-07-15 21:27:26", "elapsed": 16414.752042, "delta": 850.805861}}
{"target": 0.9584915592270559, "params": {"cell_cell_adhesion_strength": 7.940987847173135, "cell_cell_repulsion_strength": 52.543632275871445, "forward_bias": 0.58115010828678, "lateral_restriction": 0.36501425154506617, "persistence_time": 16.85704022496688, "sigma": 1.2473689481462777, "vertical_restriction": 0.7742317509223045}, "datetime": {"datetime": "2021-07-15 21:43:39", "elapsed": 17388.304743, "delta": 973.552701}}
{"target": 0.9740070689219568, "params": {"cell_cell_adhesion_strength": 8.780342338758254, "cell_cell_repulsion_strength": 53.936688672901774, "forward_bias": 0.5705759311694933, "lateral_restriction": 0.35838356546871286, "persistence_time": 17.204773215816534, "sigma": 1.5045497529728658, "vertical_restriction": 0.7650519449679853}, "datetime": {"datetime": "2021-07-15 21:59:06", "elapsed": 18314.728309, "delta": 926.423566}}
{"target": 0.9567048891452968, "params": {"cell_cell_adhesion_strength": 9.158422789450036, "cell_cell_repulsion_strength": 55.81135918075694, "forward_bias": 0.5786751976212061, "lateral_restriction": 0.3687193875201583, "persistence_time": 17.063074413930213, "sigma": 1.6188296787598915, "vertical_restriction": 0.7599272008263487}, "datetime": {"datetime": "2021-07-15 22:14:47", "elapsed": 19256.568705, "delta": 941.840396}}
{"target": 0.9699351945339526, "params": {"cell_cell_adhesion_strength": 9.120614744380857, "cell_cell_repulsion_strength": 54.859525754667324, "forward_bias": 0.5778652709760348, "lateral_restriction": 0.36768580531501377, "persistence_time": 17.332302137514223, "sigma": 1.4016978197645427, "vertical_restriction": 0.7696642146954584}, "datetime": {"datetime": "2021-07-15 22:26:54", "elapsed": 19982.877115, "delta": 726.30841}}
{"target": 0.9668265843962581, "params": {"cell_cell_adhesion_strength": 9.086587503818597, "cell_cell_repulsion_strength": 52.444870327466695, "forward_bias": 0.5771363369953807, "lateral_restriction": 0.36675558133038366, "persistence_time": 17.319549245344454, "sigma": 1.5971164928603565, "vertical_restriction": 0.7692029877227111}, "datetime": {"datetime": "2021-07-15 22:39:13", "elapsed": 20721.70756, "delta": 738.830445}}
{"target": 0.9632034054587187, "params": {"cell_cell_adhesion_strength": 8.504721690203947, "cell_cell_repulsion_strength": 54.86087261832464, "forward_bias": 0.576480296412792, "lateral_restriction": 0.3659183797442166, "persistence_time": 17.101474789241404, "sigma": 1.5878598188716075, "vertical_restriction": 0.7613160064887322}, "datetime": {"datetime": "2021-07-15 22:51:25", "elapsed": 21454.026108, "delta": 732.318548}}
{"target": 0.9670311268770467, "params": {"cell_cell_adhesion_strength": 8.532283755059376, "cell_cell_repulsion_strength": 52.98920000041153, "forward_bias": 0.5758898598884621, "lateral_restriction": 0.3651648983166662, "persistence_time": 17.29774179973415, "sigma": 1.4295706936639982, "vertical_restriction": 0.7616896003366574}, "datetime": {"datetime": "2021-07-15 23:04:24", "elapsed": 22232.983259, "delta": 778.957151}}
